0 info it worked if it ends with ok
1 verbose cli [ '/usr/local/bin/node', '/usr/local/bin/npm', 'publish' ]
2 info using npm@3.10.8
3 info using node@v7.0.0
4 verbose publish [ '.' ]
5 silly cache add args [ '.', null ]
6 verbose cache add spec .
7 silly cache add parsed spec Result {
7 silly cache add   raw: '.',
7 silly cache add   scope: null,
7 silly cache add   escapedName: null,
7 silly cache add   name: null,
7 silly cache add   rawSpec: '.',
7 silly cache add   spec: '/home/mziemski/repo/mongo-collections-dumper',
7 silly cache add   type: 'directory' }
8 verbose addLocalDirectory /home/mziemski/.npm/mongo-collections-dumper/1.0.4/package.tgz not in flight; packing
9 verbose correctMkdir /home/mziemski/.npm correctMkdir not in flight; initializing
10 info lifecycle mongo-collections-dumper@1.0.4~prepublish: mongo-collections-dumper@1.0.4
11 verbose lifecycle mongo-collections-dumper@1.0.4~prepublish: unsafe-perm in lifecycle true
12 verbose lifecycle mongo-collections-dumper@1.0.4~prepublish: PATH: /usr/local/lib/node_modules/npm/bin/node-gyp-bin:/home/mziemski/repo/mongo-collections-dumper/node_modules/.bin:/home/mziemski/bin:/usr/local/sbin:/usr/local/bin:/usr/sbin:/usr/bin:/sbin:/bin:/usr/games:/usr/local/games:/home/mziemski/bin:/home/mziemski/bin/phantomJS/phantomjs-2.1.1-linux-x86_64/bin
13 verbose lifecycle mongo-collections-dumper@1.0.4~prepublish: CWD: /home/mziemski/repo/mongo-collections-dumper
14 silly lifecycle mongo-collections-dumper@1.0.4~prepublish: Args: [ '-c', '. ./scripts/prepublish.sh' ]
15 silly lifecycle mongo-collections-dumper@1.0.4~prepublish: Returned: code: 0  signal: null
16 verbose tar pack [ '/home/mziemski/.npm/mongo-collections-dumper/1.0.4/package.tgz',
16 verbose tar pack   '/home/mziemski/repo/mongo-collections-dumper' ]
17 verbose tarball /home/mziemski/.npm/mongo-collections-dumper/1.0.4/package.tgz
18 verbose folder /home/mziemski/repo/mongo-collections-dumper
19 verbose addLocalTarball adding from inside cache /home/mziemski/.npm/mongo-collections-dumper/1.0.4/package.tgz
20 verbose correctMkdir /home/mziemski/.npm correctMkdir not in flight; initializing
21 silly cache afterAdd mongo-collections-dumper@1.0.4
22 verbose afterAdd /home/mziemski/.npm/mongo-collections-dumper/1.0.4/package/package.json not in flight; writing
23 verbose correctMkdir /home/mziemski/.npm correctMkdir not in flight; initializing
24 verbose afterAdd /home/mziemski/.npm/mongo-collections-dumper/1.0.4/package/package.json written
25 silly publish { name: 'mongo-collections-dumper',
25 silly publish   version: '1.0.4',
25 silly publish   description: 'Easily dump and restore small mongo collections without using mongodump. Useful for fixtures reloading.',
25 silly publish   main: './dist/index.js',
25 silly publish   scripts:
25 silly publish    { prepublish: '. ./scripts/prepublish.sh',
25 silly publish      watch: '. ./scripts/watch.sh',
25 silly publish      lint: 'eslint ./src',
25 silly publish      lintfix: 'eslint ./src --fix',
25 silly publish      testonly: 'mocha $npm_package_options_mocha',
25 silly publish      test: 'npm run lint && npm run testonly',
25 silly publish      'test-watch': 'npm run testonly -- --watch --watch-extensions js' },
25 silly publish   author: '',
25 silly publish   dependencies: { 'babel-runtime': '6.x.x', ejson: '^2.1.2', promise: '^7.1.1' },
25 silly publish   devDependencies:
25 silly publish    { 'babel-cli': '6.x.x',
25 silly publish      'babel-core': '6.x.x',
25 silly publish      'babel-eslint': '^7.1.1',
25 silly publish      'babel-plugin-transform-class-properties': '^6.9.1',
25 silly publish      'babel-plugin-transform-runtime': '6.x.x',
25 silly publish      'babel-polyfill': '6.x.x',
25 silly publish      'babel-preset-es2015': '6.x.x',
25 silly publish      'babel-preset-stage-2': '6.x.x',
25 silly publish      chai: '3.x.x',
25 silly publish      eslint: '^3.6.1',
25 silly publish      'eslint-config-vazco': '^2.1.0',
25 silly publish      'eslint-plugin-babel': '^3.2.0',
25 silly publish      'eslint-plugin-import': '^1.16.0',
25 silly publish      'eslint-plugin-react': '^6.7.1',
25 silly publish      'eslint-plugin-vazco': '^1.0.0',
25 silly publish      mocha: '2.x.x',
25 silly publish      nodemon: '1.7.x',
25 silly publish      'pre-commit': '^1.1.3' },
25 silly publish   readme: '# Mongo collections dumper\nThis is lightweight utility that allows you to easily dump and restore mongo collections. No mongodump dependency. Data can be stored in memory or on disk. Useful for fixtures reload.\n\n# Usage\n## With memory storage\n```javascript\nimport MongoDumper from \'mongo-collections-dumper\';\n\nlet db = ...; // get database handler;\n\nrunSomeFixtures(); // prepare some data to dump\n\n// save all collections in array\nlet fixturesData = MongoDumper.dump({\n    storage: \'memory\',\n    db\n});\n\n\n// tests are great use case for mongo dumper\ndescribe(\'Users\', () => {\n    beforeEach(function () {\n        // rollback database to starting point before each test\n        MongoDumper.restore({\n            storage: \'memory\',\n            collectionsData: fixturesData,\n            db\n        });\n    });\n});\n\n```\n\n## With file storage\n```javascript\nimport MongoDumper from \'mongo-collections-dumper\';\n\nlet db = ...; // get database handler;\n\n// fixtures for empty project are great use case for mongo dumper\nif (databaseIsEmpty()) {\n\n    // you can setup database from file added to project repo\n    let {restored} = MongoDumper.restore({\n        storage: \'file\',\n        file: \'fixtures.json\',\n        db\n    });\n\n    // if there\'s no file you can add fixtures and add them to repo\n    if (!restored) {\n        runSomeFixtures();\n\n        MongoDumper.dump({\n            storage: \'file\',\n            file: \'fixtures.json\',\n            db\n        });        \n    }\n\n}\n```\n',
25 silly publish   readmeFilename: 'README.md',
25 silly publish   gitHead: '1d88c0d32f5fe8220d4c52c29068a2de0527a452',
25 silly publish   _id: 'mongo-collections-dumper@1.0.4',
25 silly publish   _shasum: 'dfebd3fc50ee12922e03fc756115ed8ae3cb60d8',
25 silly publish   _from: '.' }
26 verbose getPublishConfig undefined
27 silly mapToRegistry name mongo-collections-dumper
28 silly mapToRegistry using default registry
29 silly mapToRegistry registry https://registry.npmjs.org/
30 silly mapToRegistry data Result {
30 silly mapToRegistry   raw: 'mongo-collections-dumper',
30 silly mapToRegistry   scope: null,
30 silly mapToRegistry   escapedName: 'mongo-collections-dumper',
30 silly mapToRegistry   name: 'mongo-collections-dumper',
30 silly mapToRegistry   rawSpec: '',
30 silly mapToRegistry   spec: 'latest',
30 silly mapToRegistry   type: 'tag' }
31 silly mapToRegistry uri https://registry.npmjs.org/mongo-collections-dumper
32 verbose publish registryBase https://registry.npmjs.org/
33 silly publish uploading /home/mziemski/.npm/mongo-collections-dumper/1.0.4/package.tgz
34 verbose request uri https://registry.npmjs.org/mongo-collections-dumper
35 verbose request sending authorization for write operation
36 info attempt registry request try #1 at 15:27:00
37 verbose request using bearer token for auth
38 verbose request id 53c129b638814f5e
39 http request PUT https://registry.npmjs.org/mongo-collections-dumper
40 http 403 https://registry.npmjs.org/mongo-collections-dumper
41 verbose headers { 'content-type': 'application/json',
41 verbose headers   'cache-control': 'max-age=300',
41 verbose headers   'content-length': '95',
41 verbose headers   'accept-ranges': 'bytes',
41 verbose headers   date: 'Thu, 15 Dec 2016 14:27:02 GMT',
41 verbose headers   via: '1.1 varnish',
41 verbose headers   connection: 'keep-alive',
41 verbose headers   'x-served-by': 'cache-fra1228-FRA',
41 verbose headers   'x-cache': 'MISS',
41 verbose headers   'x-cache-hits': '0',
41 verbose headers   'x-timer': 'S1481812020.772035,VS0,VE1263',
41 verbose headers   vary: 'Accept-Encoding' }
42 verbose request invalidating /home/mziemski/.npm/registry.npmjs.org/mongo-collections-dumper on PUT
43 error publish Failed PUT 403
44 verbose stack Error: "You cannot publish over the previously published version 1.0.4." : mongo-collections-dumper
44 verbose stack     at makeError (/usr/local/lib/node_modules/npm/node_modules/npm-registry-client/lib/request.js:302:12)
44 verbose stack     at CachingRegistryClient.<anonymous> (/usr/local/lib/node_modules/npm/node_modules/npm-registry-client/lib/request.js:290:14)
44 verbose stack     at Request._callback (/usr/local/lib/node_modules/npm/node_modules/npm-registry-client/lib/request.js:210:14)
44 verbose stack     at Request.self.callback (/usr/local/lib/node_modules/npm/node_modules/request/request.js:187:22)
44 verbose stack     at emitTwo (events.js:106:13)
44 verbose stack     at Request.emit (events.js:191:7)
44 verbose stack     at Request.<anonymous> (/usr/local/lib/node_modules/npm/node_modules/request/request.js:1044:10)
44 verbose stack     at emitOne (events.js:96:13)
44 verbose stack     at Request.emit (events.js:188:7)
44 verbose stack     at IncomingMessage.<anonymous> (/usr/local/lib/node_modules/npm/node_modules/request/request.js:965:12)
45 verbose statusCode 403
46 verbose pkgid mongo-collections-dumper
47 verbose cwd /home/mziemski/repo/mongo-collections-dumper
48 error Linux 3.13.0-98-generic
49 error argv "/usr/local/bin/node" "/usr/local/bin/npm" "publish"
50 error node v7.0.0
51 error npm  v3.10.8
52 error code E403
53 error "You cannot publish over the previously published version 1.0.4." : mongo-collections-dumper
54 error If you need help, you may report this error at:
54 error     <https://github.com/npm/npm/issues>
55 verbose exit [ 1, true ]
